node:internal/modules/cjs/loader:1222
  throw err;
  ^

Error: Cannot find module '/data/data/com.termux/files/home/fungus/tu-bot.js'
    at Module._resolveFilename (node:internal/modules/cjs/loader:1219:15)
    at Module._load (node:internal/modules/cjs/loader:1045:27)
    at TracingChannel.traceSync (node:diagnostics_channel:315:14)
    at wrapModuleLoad (node:internal/modules/cjs/loader:215:24)
    at Function.executeUserEntryPoint [as runMain] (node:internal/modules/run_main:158:5)
    at node:internal/main/run_main_module:30:49 {
  code: 'MODULE_NOT_FOUND',
  requireStack: []
}

Node.js v22.5.1
node:internal/modules/cjs/loader:1222
  throw err;
  ^

Error: Cannot find module '/data/data/com.termux/files/home/fungus/app.js'
    at Module._resolveFilename (node:internal/modules/cjs/loader:1219:15)
    at Module._load (node:internal/modules/cjs/loader:1045:27)
    at TracingChannel.traceSync (node:diagnostics_channel:315:14)
    at wrapModuleLoad (node:internal/modules/cjs/loader:215:24)
    at Function.executeUserEntryPoint [as runMain] (node:internal/modules/run_main:158:5)
    at node:internal/main/run_main_module:30:49 {
  code: 'MODULE_NOT_FOUND',
  requireStack: []
}

Node.js v22.5.1
(node:3145) [DEP0040] DeprecationWarning: The `punycode` module is deprecated. Please use a userland alternative instead.
(Use `node --trace-deprecation ...` to show where the warning was created)
error: [polling_error] {"code":"ETELEGRAM","message":"ETELEGRAM: 409 Conflict: terminated by other getUpdates request; make sure that only one bot instance is running"}
error: [polling_error] {"code":"ETELEGRAM","message":"ETELEGRAM: 409 Conflict: terminated by other getUpdates request; make sure that only one bot instance is running"}
error: [polling_error] {"code":"ETELEGRAM","message":"ETELEGRAM: 409 Conflict: terminated by other getUpdates request; make sure that only one bot instance is running"}
error: [polling_error] {"code":"ETELEGRAM","message":"ETELEGRAM: 409 Conflict: terminated by other getUpdates request; make sure that only one bot instance is running"}
error: [polling_error] {"code":"ETELEGRAM","message":"ETELEGRAM: 409 Conflict: terminated by other getUpdates request; make sure that only one bot instance is running"}
error: [polling_error] {"code":"ETELEGRAM","message":"ETELEGRAM: 409 Conflict: terminated by other getUpdates request; make sure that only one bot instance is running"}
error: [polling_error] {"code":"ETELEGRAM","message":"ETELEGRAM: 409 Conflict: terminated by other getUpdates request; make sure that only one bot instance is running"}
error: [polling_error] {"code":"ETELEGRAM","message":"ETELEGRAM: 409 Conflict: terminated by other getUpdates request; make sure that only one bot instance is running"}
error: [polling_error] {"code":"ETELEGRAM","message":"ETELEGRAM: 409 Conflict: terminated by other getUpdates request; make sure that only one bot instance is running"}
error: [polling_error] {"code":"ETELEGRAM","message":"ETELEGRAM: 409 Conflict: terminated by other getUpdates request; make sure that only one bot instance is running"}
error: [polling_error] {"code":"ETELEGRAM","message":"ETELEGRAM: 409 Conflict: terminated by other getUpdates request; make sure that only one bot instance is running"}
error: [polling_error] {"code":"ETELEGRAM","message":"ETELEGRAM: 409 Conflict: terminated by other getUpdates request; make sure that only one bot instance is running"}
error: [polling_error] {"code":"ETELEGRAM","message":"ETELEGRAM: 409 Conflict: terminated by other getUpdates request; make sure that only one bot instance is running"}
error: [polling_error] {"code":"ETELEGRAM","message":"ETELEGRAM: 409 Conflict: terminated by other getUpdates request; make sure that only one bot instance is running"}
error: [polling_error] {"code":"ETELEGRAM","message":"ETELEGRAM: 409 Conflict: terminated by other getUpdates request; make sure that only one bot instance is running"}
error: [polling_error] {"code":"ETELEGRAM","message":"ETELEGRAM: 409 Conflict: terminated by other getUpdates request; make sure that only one bot instance is running"}
error: [polling_error] {"code":"ETELEGRAM","message":"ETELEGRAM: 409 Conflict: terminated by other getUpdates request; make sure that only one bot instance is running"}
error: [polling_error] {"code":"ETELEGRAM","message":"ETELEGRAM: 409 Conflict: terminated by other getUpdates request; make sure that only one bot instance is running"}
error: [polling_error] {"code":"ETELEGRAM","message":"ETELEGRAM: 409 Conflict: terminated by other getUpdates request; make sure that only one bot instance is running"}
error: [polling_error] {"code":"ETELEGRAM","message":"ETELEGRAM: 409 Conflict: terminated by other getUpdates request; make sure that only one bot instance is running"}
error: [polling_error] {"code":"ETELEGRAM","message":"ETELEGRAM: 409 Conflict: terminated by other getUpdates request; make sure that only one bot instance is running"}
error: [polling_error] {"code":"ETELEGRAM","message":"ETELEGRAM: 409 Conflict: terminated by other getUpdates request; make sure that only one bot instance is running"}
error: [polling_error] {"code":"ETELEGRAM","message":"ETELEGRAM: 409 Conflict: terminated by other getUpdates request; make sure that only one bot instance is running"}
error: [polling_error] {"code":"ETELEGRAM","message":"ETELEGRAM: 409 Conflict: terminated by other getUpdates request; make sure that only one bot instance is running"}
error: [polling_error] {"code":"ETELEGRAM","message":"ETELEGRAM: 409 Conflict: terminated by other getUpdates request; make sure that only one bot instance is running"}
error: [polling_error] {"code":"ETELEGRAM","message":"ETELEGRAM: 409 Conflict: terminated by other getUpdates request; make sure that only one bot instance is running"}
error: [polling_error] {"code":"ETELEGRAM","message":"ETELEGRAM: 409 Conflict: terminated by other getUpdates request; make sure that only one bot instance is running"}
error: [polling_error] {"code":"ETELEGRAM","message":"ETELEGRAM: 409 Conflict: terminated by other getUpdates request; make sure that only one bot instance is running"}
error: [polling_error] {"code":"ETELEGRAM","message":"ETELEGRAM: 409 Conflict: terminated by other getUpdates request; make sure that only one bot instance is running"}
error: [polling_error] {"code":"ETELEGRAM","message":"ETELEGRAM: 409 Conflict: terminated by other getUpdates request; make sure that only one bot instance is running"}
error: [polling_error] {"code":"ETELEGRAM","message":"ETELEGRAM: 409 Conflict: terminated by other getUpdates request; make sure that only one bot instance is running"}
